{
  "RSpec": {
    "coverage": {
      "/home/joe/Nextcloud/web-dev/theodinproject/odin_on_rails/odin-flight-booker/spec/models/airport_spec.rb": {
        "lines": [
          1,
          null,
          1,
          1,
          2,
          2,
          null,
          null
        ]
      },
      "/home/joe/Nextcloud/web-dev/theodinproject/odin_on_rails/odin-flight-booker/spec/rails_helper.rb": {
        "lines": [
          null,
          1,
          1,
          1,
          null,
          1,
          1,
          null,
          null,
          null,
          null,
          null,
          null,
          null,
          null,
          null,
          null,
          null,
          null,
          null,
          null,
          null,
          null,
          null,
          null,
          null,
          null,
          1,
          null,
          0,
          0,
          null,
          1,
          null,
          1,
          null,
          1,
          null,
          null,
          null,
          null,
          1,
          null,
          null,
          null,
          null,
          null,
          null,
          null,
          null,
          null,
          null,
          null,
          null,
          null,
          null,
          null,
          null,
          null,
          1,
          null,
          null,
          1,
          null,
          null,
          null,
          1,
          1,
          1,
          1,
          null,
          null,
          null
        ]
      },
      "/home/joe/Nextcloud/web-dev/theodinproject/odin_on_rails/odin-flight-booker/config/environment.rb": {
        "lines": [
          null,
          1,
          null,
          null,
          1
        ]
      },
      "/home/joe/Nextcloud/web-dev/theodinproject/odin_on_rails/odin-flight-booker/config/application.rb": {
        "lines": [
          1,
          null,
          1,
          null,
          null,
          null,
          1,
          null,
          1,
          1,
          null,
          1,
          null,
          null,
          null,
          null,
          null,
          null,
          null,
          null,
          null,
          null
        ]
      },
      "/home/joe/Nextcloud/web-dev/theodinproject/odin_on_rails/odin-flight-booker/config/boot.rb": {
        "lines": [
          1,
          null,
          1,
          1
        ]
      },
      "/home/joe/Nextcloud/web-dev/theodinproject/odin_on_rails/odin-flight-booker/config/environments/test.rb": {
        "lines": [
          1,
          null,
          null,
          null,
          null,
          null,
          null,
          1,
          null,
          null,
          1,
          1,
          null,
          null,
          null,
          null,
          1,
          null,
          null,
          1,
          1,
          null,
          null,
          null,
          null,
          1,
          1,
          1,
          null,
          null,
          1,
          null,
          null,
          1,
          null,
          null,
          1,
          null,
          1,
          null,
          null,
          null,
          null,
          1,
          null,
          null,
          1,
          null,
          null,
          1,
          null,
          null,
          1,
          null,
          null,
          null,
          null,
          null,
          null,
          null
        ]
      },
      "/home/joe/Nextcloud/web-dev/theodinproject/odin_on_rails/odin-flight-booker/config/initializers/application_controller_renderer.rb": {
        "lines": [
          null,
          null,
          null,
          null,
          null,
          null,
          null,
          null
        ]
      },
      "/home/joe/Nextcloud/web-dev/theodinproject/odin_on_rails/odin-flight-booker/config/initializers/assets.rb": {
        "lines": [
          null,
          null,
          null,
          1,
          null,
          null,
          null,
          null,
          1,
          null,
          null,
          null,
          null,
          null
        ]
      },
      "/home/joe/Nextcloud/web-dev/theodinproject/odin_on_rails/odin-flight-booker/config/initializers/backtrace_silencers.rb": {
        "lines": [
          null,
          null,
          null,
          null,
          null,
          null,
          null,
          1
        ]
      },
      "/home/joe/Nextcloud/web-dev/theodinproject/odin_on_rails/odin-flight-booker/config/initializers/content_security_policy.rb": {
        "lines": [
          null,
          null,
          null,
          null,
          null,
          null,
          null,
          null,
          null,
          null,
          null,
          null,
          null,
          null,
          null,
          null,
          null,
          null,
          null,
          null,
          null,
          null,
          null,
          null,
          null,
          null,
          null,
          null,
          null,
          null
        ]
      },
      "/home/joe/Nextcloud/web-dev/theodinproject/odin_on_rails/odin-flight-booker/config/initializers/cookies_serializer.rb": {
        "lines": [
          null,
          null,
          null,
          null,
          1
        ]
      },
      "/home/joe/Nextcloud/web-dev/theodinproject/odin_on_rails/odin-flight-booker/config/initializers/filter_parameter_logging.rb": {
        "lines": [
          null,
          null,
          null,
          1,
          null,
          null
        ]
      },
      "/home/joe/Nextcloud/web-dev/theodinproject/odin_on_rails/odin-flight-booker/config/initializers/inflections.rb": {
        "lines": [
          null,
          null,
          null,
          null,
          null,
          null,
          null,
          null,
          null,
          null,
          null,
          null,
          null,
          null,
          null,
          null
        ]
      },
      "/home/joe/Nextcloud/web-dev/theodinproject/odin_on_rails/odin-flight-booker/config/initializers/mime_types.rb": {
        "lines": [
          null,
          null,
          null,
          null
        ]
      },
      "/home/joe/Nextcloud/web-dev/theodinproject/odin_on_rails/odin-flight-booker/config/initializers/permissions_policy.rb": {
        "lines": [
          null,
          null,
          null,
          null,
          null,
          null,
          null,
          null,
          null,
          null,
          null
        ]
      },
      "/home/joe/Nextcloud/web-dev/theodinproject/odin_on_rails/odin-flight-booker/config/initializers/wrap_parameters.rb": {
        "lines": [
          null,
          null,
          null,
          null,
          null,
          null,
          1,
          2,
          null,
          null,
          null,
          null,
          null,
          null
        ]
      },
      "/home/joe/Nextcloud/web-dev/theodinproject/odin_on_rails/odin-flight-booker/spec/factories/airports.rb": {
        "lines": [
          1,
          1,
          11,
          11,
          11,
          null,
          null,
          1,
          11,
          11,
          11,
          null,
          null
        ]
      },
      "/home/joe/Nextcloud/web-dev/theodinproject/odin_on_rails/odin-flight-booker/spec/factories/bookings.rb": {
        "lines": [
          1,
          1,
          1,
          null,
          10,
          9,
          9,
          10,
          null,
          1,
          6,
          null,
          null,
          null,
          null
        ]
      },
      "/home/joe/Nextcloud/web-dev/theodinproject/odin_on_rails/odin-flight-booker/spec/factories/factories.rb": {
        "lines": [

        ]
      },
      "/home/joe/Nextcloud/web-dev/theodinproject/odin_on_rails/odin-flight-booker/spec/factories/flights.rb": {
        "lines": [
          1,
          1,
          11,
          11,
          11,
          11,
          11,
          11,
          11,
          null,
          1,
          2,
          null,
          null,
          null
        ]
      },
      "/home/joe/Nextcloud/web-dev/theodinproject/odin_on_rails/odin-flight-booker/spec/factories/passengers.rb": {
        "lines": [
          1,
          1,
          32,
          30,
          null,
          null
        ]
      },
      "/home/joe/Nextcloud/web-dev/theodinproject/odin_on_rails/odin-flight-booker/config/routes.rb": {
        "lines": [
          1,
          1,
          1,
          1,
          null,
          null
        ]
      },
      "/home/joe/Nextcloud/web-dev/theodinproject/odin_on_rails/odin-flight-booker/app/helpers/application_helper.rb": {
        "lines": [
          null,
          null,
          1,
          null
        ]
      },
      "/home/joe/Nextcloud/web-dev/theodinproject/odin_on_rails/odin-flight-booker/app/helpers/bookings_helper.rb": {
        "lines": [
          null,
          null,
          null,
          1,
          1,
          0,
          null,
          null,
          1,
          6,
          null,
          null
        ]
      },
      "/home/joe/Nextcloud/web-dev/theodinproject/odin_on_rails/odin-flight-booker/app/helpers/flights_helper.rb": {
        "lines": [
          null,
          null,
          null,
          1,
          1,
          7,
          null,
          null,
          1,
          21,
          null,
          null,
          1,
          11,
          null,
          null,
          1,
          21,
          21,
          21,
          21,
          null,
          null,
          1,
          14,
          null,
          null,
          1,
          16,
          59,
          null,
          null,
          null
        ]
      },
      "/home/joe/Nextcloud/web-dev/theodinproject/odin_on_rails/odin-flight-booker/app/models/airport.rb": {
        "lines": [
          null,
          null,
          null,
          1,
          1,
          1,
          null,
          1,
          32,
          null,
          null
        ]
      },
      "/home/joe/Nextcloud/web-dev/theodinproject/odin_on_rails/odin-flight-booker/app/models/application_record.rb": {
        "lines": [
          null,
          null,
          1,
          1,
          null
        ]
      },
      "/home/joe/Nextcloud/web-dev/theodinproject/odin_on_rails/odin-flight-booker/spec/models/booking_spec.rb": {
        "lines": [
          1,
          null,
          1,
          1,
          2,
          null,
          1,
          1,
          null,
          null,
          1,
          1,
          1,
          null,
          null,
          1,
          null,
          2,
          null,
          2,
          null,
          1,
          1,
          null,
          1,
          null,
          1,
          null,
          1,
          null,
          null,
          null,
          null,
          1,
          2,
          2,
          2,
          1,
          1,
          null,
          null,
          null,
          null,
          1,
          2,
          null,
          null
        ]
      },
      "/home/joe/Nextcloud/web-dev/theodinproject/odin_on_rails/odin-flight-booker/app/models/booking.rb": {
        "lines": [
          null,
          null,
          null,
          1,
          1,
          null,
          1,
          null,
          1,
          1,
          null,
          null,
          1,
          1,
          null,
          1,
          6,
          null,
          3,
          null,
          null,
          null,
          null,
          null,
          1,
          null,
          1,
          19,
          null,
          null,
          1,
          19,
          null,
          null,
          null,
          1,
          19,
          null,
          null,
          1,
          19,
          15,
          2,
          null,
          null,
          null,
          null
        ]
      },
      "/home/joe/Nextcloud/web-dev/theodinproject/odin_on_rails/odin-flight-booker/spec/models/flight_spec.rb": {
        "lines": [
          1,
          null,
          1,
          1,
          2,
          null,
          1,
          1,
          null,
          null,
          null,
          1,
          2,
          2,
          null,
          null
        ]
      },
      "/home/joe/Nextcloud/web-dev/theodinproject/odin_on_rails/odin-flight-booker/app/models/flight.rb": {
        "lines": [
          null,
          null,
          null,
          1,
          1,
          1,
          1,
          1,
          null,
          1,
          16,
          null,
          null
        ]
      },
      "/home/joe/Nextcloud/web-dev/theodinproject/odin_on_rails/odin-flight-booker/spec/models/passenger_spec.rb": {
        "lines": [
          1,
          null,
          1,
          1,
          null,
          3,
          null,
          1,
          1,
          null,
          null,
          1,
          1,
          1,
          null,
          null,
          1,
          1,
          1,
          null,
          null,
          1,
          1,
          1,
          null,
          null,
          1,
          1,
          1,
          null,
          null,
          1,
          1,
          1,
          null,
          null,
          1,
          1,
          1,
          null,
          null,
          1,
          1,
          1,
          null,
          null,
          null
        ]
      },
      "/home/joe/Nextcloud/web-dev/theodinproject/odin_on_rails/odin-flight-booker/app/models/passenger.rb": {
        "lines": [
          null,
          null,
          null,
          1,
          1,
          null,
          1,
          null,
          1,
          1,
          null,
          null,
          1,
          null,
          1,
          null,
          1,
          42,
          null,
          null,
          1,
          42,
          31,
          null,
          null,
          null
        ]
      },
      "/home/joe/Nextcloud/web-dev/theodinproject/odin_on_rails/odin-flight-booker/spec/requests/flights_spec.rb": {
        "lines": [
          1,
          null,
          1,
          1,
          1,
          1,
          1,
          null,
          null,
          null
        ]
      },
      "/home/joe/Nextcloud/web-dev/theodinproject/odin_on_rails/odin-flight-booker/spec/system/bookings_spec.rb": {
        "lines": [
          1,
          null,
          1,
          1,
          8,
          8,
          null,
          null,
          1,
          5,
          5,
          null,
          1,
          null,
          null,
          1,
          4,
          null,
          null,
          4,
          4,
          4,
          4,
          null,
          null,
          4,
          null,
          null,
          1,
          null,
          1,
          null,
          1,
          1,
          null,
          1,
          1,
          1,
          1,
          null,
          1,
          null,
          1,
          null,
          1,
          1,
          null,
          null,
          1,
          null,
          1,
          null,
          1,
          1,
          null,
          1,
          1,
          1,
          null,
          1,
          null,
          1,
          null,
          1,
          null,
          1,
          1,
          null,
          null,
          1,
          null,
          1,
          null,
          1,
          1,
          null,
          1,
          null,
          null,
          1,
          1,
          null,
          null,
          1,
          1,
          null,
          1,
          null,
          1,
          null,
          1,
          null,
          null,
          1,
          null,
          1,
          null,
          1,
          1,
          null,
          1,
          1,
          1,
          1,
          null,
          1,
          null,
          1,
          null,
          1,
          1,
          null,
          null,
          null,
          1,
          null,
          null,
          1,
          1,
          1,
          1,
          null,
          null,
          1,
          null,
          null,
          1,
          1,
          null,
          1,
          1,
          1,
          1,
          null,
          1,
          null,
          1,
          null,
          1,
          1,
          null,
          null,
          null,
          1,
          1,
          1,
          null,
          null,
          1,
          1,
          1,
          null,
          null,
          null,
          1,
          null,
          null,
          1,
          null,
          1,
          null,
          1,
          1,
          1,
          null,
          null,
          null,
          null,
          1,
          null,
          4,
          3,
          null,
          1,
          null,
          1,
          2,
          2,
          2,
          null,
          null,
          1,
          1,
          1,
          null,
          null,
          1,
          1,
          1,
          1,
          1,
          1,
          null,
          null,
          null,
          1,
          null,
          1,
          1,
          1,
          1,
          null,
          null,
          1,
          1,
          1,
          null,
          null,
          null,
          null
        ]
      },
      "/home/joe/Nextcloud/web-dev/theodinproject/odin_on_rails/odin-flight-booker/spec/system/flights_spec.rb": {
        "lines": [
          1,
          null,
          1,
          1,
          1,
          1,
          null,
          null,
          1,
          1,
          1,
          null,
          null,
          1,
          null,
          null,
          1,
          1,
          1,
          1,
          null,
          null,
          1,
          null,
          1,
          null,
          null,
          null,
          null,
          null
        ]
      },
      "/home/joe/Nextcloud/web-dev/theodinproject/odin_on_rails/odin-flight-booker/app/controllers/flights_controller.rb": {
        "lines": [
          null,
          null,
          null,
          1,
          1,
          16,
          null,
          null,
          1,
          7,
          null,
          null,
          1,
          16,
          null,
          7,
          7,
          null,
          null,
          null,
          null,
          1,
          7,
          null,
          7,
          null,
          null
        ]
      },
      "/home/joe/Nextcloud/web-dev/theodinproject/odin_on_rails/odin-flight-booker/app/controllers/application_controller.rb": {
        "lines": [
          null,
          null,
          1,
          null
        ]
      },
      "/home/joe/Nextcloud/web-dev/theodinproject/odin_on_rails/odin-flight-booker/db/seeds.rb": {
        "lines": [
          1,
          null,
          null,
          1,
          null,
          null,
          null,
          null,
          null,
          null,
          null,
          null,
          null,
          1,
          null,
          null,
          null,
          null,
          null,
          null,
          null,
          1,
          7,
          7,
          7,
          null,
          null,
          1,
          null,
          56,
          null,
          7,
          42,
          null,
          1302,
          null,
          1302,
          2604,
          null,
          null,
          null,
          null,
          null,
          null,
          2604,
          null,
          null,
          null,
          null,
          null,
          null,
          null,
          null
        ]
      },
      "/home/joe/Nextcloud/web-dev/theodinproject/odin_on_rails/odin-flight-booker/app/controllers/bookings_controller.rb": {
        "lines": [
          null,
          null,
          null,
          1,
          1,
          9,
          8,
          8,
          8,
          8,
          null,
          1,
          1,
          null,
          null,
          null,
          1,
          5,
          5,
          5,
          2,
          null,
          2,
          null,
          3,
          3,
          null,
          null,
          null,
          1,
          3,
          3,
          null,
          null,
          1,
          6,
          null,
          null,
          1,
          null,
          1,
          5,
          null,
          null,
          null,
          null,
          null,
          null,
          null,
          null,
          1,
          8,
          24,
          null,
          null,
          1,
          5,
          5,
          null,
          null,
          5,
          null,
          null
        ]
      }
    },
    "timestamp": 1626373972
  }
}
